<?xml version="1.0" encoding="UTF-8"?>
<!-- Generated by org.testng.reporters.JUnitXMLReporter -->
<testsuite ignored="0" hostname="LAPTOP-UODQ3HSG" failures="0" tests="4" name="Test" time="0.033" errors="0" timestamp="26 May 2021 04:09:23 GMT">
  <testcase classname="qaclickacademy.Section22Mavenjava.RESTAPITest" name="DeleteTwitter" time="0.01"/>
  <testcase classname="qaclickacademy.Section22Mavenjava.RESTAPITest" name="PostJIRA" time="0.001"/>
  <testcase classname="qaclickacademy.Section22Mavenjava.SeleniumTest" name="BrowserAutomation" time="0.001"/>
  <testcase classname="qaclickacademy.Section22Mavenjava.SeleniumTest" name="ElementsUI" time="0.001"/>
</testsuite> <!-- Test -->
