<?xml version="1.0" encoding="UTF-8"?>
<!-- Generated by org.testng.reporters.JUnitXMLReporter -->
<testsuite hostname="LAPTOP-UODQ3HSG" ignored="0" name="Test" tests="4" failures="0" timestamp="26 May 2021 05:15:56 GMT" time="0.025" errors="0">
  <testcase name="DeleteTwitter" time="0.005" classname="qaclickacademy.Section22Mavenjava.RESTAPITest"/>
  <testcase name="PostJIRA" time="0.0" classname="qaclickacademy.Section22Mavenjava.RESTAPITest"/>
  <testcase name="BrowserAutomation" time="0.0" classname="qaclickacademy.Section22Mavenjava.SeleniumTest"/>
  <testcase name="ElementsUI" time="0.0" classname="qaclickacademy.Section22Mavenjava.SeleniumTest"/>
</testsuite> <!-- Test -->
