<?xml version="1.0" encoding="UTF-8"?>
<testng-results skipped="0" failed="0" ignored="0" total="4" passed="4">
  <reporter-output>
  </reporter-output>
  <suite name="Suite" duration-ms="25" started-at="2021-05-26T05:15:56Z" finished-at="2021-05-26T05:15:56Z">
    <groups>
    </groups>
    <test name="Test" duration-ms="25" started-at="2021-05-26T05:15:56Z" finished-at="2021-05-26T05:15:56Z">
      <class name="qaclickacademy.Section22Mavenjava.SeleniumTest">
        <test-method status="PASS" signature="BrowserAutomation()[pri:0, instance:qaclickacademy.Section22Mavenjava.SeleniumTest@1efbd816]" name="BrowserAutomation" duration-ms="0" started-at="2021-05-26T05:15:56Z" finished-at="2021-05-26T05:15:56Z">
          <reporter-output>
          </reporter-output>
        </test-method> <!-- BrowserAutomation -->
        <test-method status="PASS" signature="ElementsUI()[pri:0, instance:qaclickacademy.Section22Mavenjava.SeleniumTest@1efbd816]" name="ElementsUI" duration-ms="0" started-at="2021-05-26T05:15:56Z" finished-at="2021-05-26T05:15:56Z">
          <reporter-output>
          </reporter-output>
        </test-method> <!-- ElementsUI -->
      </class> <!-- qaclickacademy.Section22Mavenjava.SeleniumTest -->
      <class name="qaclickacademy.Section22Mavenjava.RESTAPITest">
        <test-method status="PASS" signature="DeleteTwitter()[pri:0, instance:qaclickacademy.Section22Mavenjava.RESTAPITest@66d2e7d9]" name="DeleteTwitter" duration-ms="5" started-at="2021-05-26T05:15:56Z" finished-at="2021-05-26T05:15:56Z">
          <reporter-output>
          </reporter-output>
        </test-method> <!-- DeleteTwitter -->
        <test-method status="PASS" signature="PostJIRA()[pri:0, instance:qaclickacademy.Section22Mavenjava.RESTAPITest@66d2e7d9]" name="PostJIRA" duration-ms="0" started-at="2021-05-26T05:15:56Z" finished-at="2021-05-26T05:15:56Z">
          <reporter-output>
          </reporter-output>
        </test-method> <!-- PostJIRA -->
      </class> <!-- qaclickacademy.Section22Mavenjava.RESTAPITest -->
    </test> <!-- Test -->
  </suite> <!-- Suite -->
</testng-results>
