<?xml version="1.0" encoding="UTF-8"?>
<testsuite xmlns:xsi="http://www.w3.org/2001/XMLSchema-instance" xsi:noNamespaceSchemaLocation="https://maven.apache.org/surefire/maven-surefire-plugin/xsd/surefire-test-report-3.0.xsd" version="3.0" name="TestSuite" time="0.381" tests="4" errors="0" skipped="0" failures="0">
  <properties>
[...]
</properties>
  <testcase name="DeleteTwitter" classname="qaclickacademy.Section22Mavenjava.RESTAPITest" time="0.008">
    <system-out><![CDATA[DeleteTwitter
]]></system-out>
  </testcase>
  <testcase name="PostJIRA" classname="qaclickacademy.Section22Mavenjava.RESTAPITest" time="0.001">
    <system-out><![CDATA[PostJIRA
]]></system-out>
  </testcase>
  <testcase name="BrowserAutomation" classname="qaclickacademy.Section22Mavenjava.SeleniumTest" time="0.002">
    <system-out><![CDATA[BrowserAutomation
]]></system-out>
  </testcase>
  <testcase name="ElementsUI" classname="qaclickacademy.Section22Mavenjava.SeleniumTest" time="0.001">
    <system-out><![CDATA[ElementsUI
]]></system-out>
  </testcase>
</testsuite>