<?xml version="1.0" encoding="UTF-8"?>
<testng-results ignored="0" total="4" passed="4" failed="0" skipped="0">
  <reporter-output>
  </reporter-output>
  <suite started-at="2021-05-26T04:09:23Z" name="Suite" finished-at="2021-05-26T04:09:23Z" duration-ms="33">
    <groups>
    </groups>
    <test started-at="2021-05-26T04:09:23Z" name="Test" finished-at="2021-05-26T04:09:23Z" duration-ms="33">
      <class name="qaclickacademy.Section22Mavenjava.SeleniumTest">
        <test-method signature="BrowserAutomation()[pri:0, instance:qaclickacademy.Section22Mavenjava.SeleniumTest@1018bde2]" started-at="2021-05-26T04:09:23Z" name="BrowserAutomation" finished-at="2021-05-26T04:09:23Z" duration-ms="1" status="PASS">
          <reporter-output>
          </reporter-output>
        </test-method> <!-- BrowserAutomation -->
        <test-method signature="ElementsUI()[pri:0, instance:qaclickacademy.Section22Mavenjava.SeleniumTest@1018bde2]" started-at="2021-05-26T04:09:23Z" name="ElementsUI" finished-at="2021-05-26T04:09:23Z" duration-ms="1" status="PASS">
          <reporter-output>
          </reporter-output>
        </test-method> <!-- ElementsUI -->
      </class> <!-- qaclickacademy.Section22Mavenjava.SeleniumTest -->
      <class name="qaclickacademy.Section22Mavenjava.RESTAPITest">
        <test-method signature="DeleteTwitter()[pri:0, instance:qaclickacademy.Section22Mavenjava.RESTAPITest@2f54a33d]" started-at="2021-05-26T04:09:23Z" name="DeleteTwitter" finished-at="2021-05-26T04:09:23Z" duration-ms="10" status="PASS">
          <reporter-output>
          </reporter-output>
        </test-method> <!-- DeleteTwitter -->
        <test-method signature="PostJIRA()[pri:0, instance:qaclickacademy.Section22Mavenjava.RESTAPITest@2f54a33d]" started-at="2021-05-26T04:09:23Z" name="PostJIRA" finished-at="2021-05-26T04:09:23Z" duration-ms="1" status="PASS">
          <reporter-output>
          </reporter-output>
        </test-method> <!-- PostJIRA -->
      </class> <!-- qaclickacademy.Section22Mavenjava.RESTAPITest -->
    </test> <!-- Test -->
  </suite> <!-- Suite -->
</testng-results>
